{"/home/anass/projet/trunk/models/Tag.js":{"path":"/home/anass/projet/trunk/models/Tag.js","s":{"1":1,"2":1,"3":1,"4":1,"5":0,"6":1},"b":{},"f":{"1":0},"fnMap":{"1":{"name":"(anonymous_1)","line":17,"loc":{"start":{"line":17,"column":7},"end":{"line":17,"column":24}}}},"statementMap":{"1":{"start":{"line":3,"column":0},"end":{"line":3,"column":35}},"2":{"start":{"line":5,"column":0},"end":{"line":5,"column":29}},"3":{"start":{"line":7,"column":0},"end":{"line":11,"column":3}},"4":{"start":{"line":16,"column":0},"end":{"line":22,"column":2}},"5":{"start":{"line":18,"column":2},"end":{"line":20,"column":14}},"6":{"start":{"line":24,"column":0},"end":{"line":24,"column":43}}},"branchMap":{}},"/home/anass/projet/trunk/api/dao/tag.js":{"path":"/home/anass/projet/trunk/api/dao/tag.js","s":{"1":1,"2":1,"3":2,"4":2,"5":2,"6":0,"7":2,"8":1,"9":2,"10":2,"11":2,"12":0,"13":2,"14":2,"15":0,"16":2,"17":1,"18":2,"19":2,"20":2,"21":0,"22":2,"23":2,"24":2,"25":0,"26":2,"27":1,"28":2,"29":2,"30":0,"31":2},"b":{"1":[0,2],"2":[0,2],"3":[0,2],"4":[0,2],"5":[0,2],"6":[0,2]},"f":{"1":2,"2":2,"3":2,"4":2,"5":2,"6":2,"7":2,"8":2,"9":2,"10":2},"fnMap":{"1":{"name":"(anonymous_1)","line":11,"loc":{"start":{"line":11,"column":17},"end":{"line":11,"column":36}}},"2":{"name":"(anonymous_2)","line":14,"loc":{"start":{"line":14,"column":11},"end":{"line":14,"column":25}}},"3":{"name":"(anonymous_3)","line":28,"loc":{"start":{"line":28,"column":17},"end":{"line":28,"column":36}}},"4":{"name":"(anonymous_4)","line":30,"loc":{"start":{"line":30,"column":24},"end":{"line":30,"column":44}}},"5":{"name":"(anonymous_5)","line":36,"loc":{"start":{"line":36,"column":18},"end":{"line":36,"column":32}}},"6":{"name":"(anonymous_6)","line":52,"loc":{"start":{"line":52,"column":17},"end":{"line":52,"column":36}}},"7":{"name":"(anonymous_7)","line":54,"loc":{"start":{"line":54,"column":24},"end":{"line":54,"column":44}}},"8":{"name":"(anonymous_8)","line":61,"loc":{"start":{"line":61,"column":16},"end":{"line":61,"column":30}}},"9":{"name":"(anonymous_9)","line":77,"loc":{"start":{"line":77,"column":14},"end":{"line":77,"column":33}}},"10":{"name":"(anonymous_10)","line":78,"loc":{"start":{"line":78,"column":18},"end":{"line":78,"column":38}}}},"statementMap":{"1":{"start":{"line":5,"column":0},"end":{"line":6,"column":30}},"2":{"start":{"line":11,"column":0},"end":{"line":23,"column":2}},"3":{"start":{"line":12,"column":2},"end":{"line":12,"column":30}},"4":{"start":{"line":14,"column":2},"end":{"line":22,"column":5}},"5":{"start":{"line":15,"column":4},"end":{"line":21,"column":5}},"6":{"start":{"line":16,"column":6},"end":{"line":18,"column":9}},"7":{"start":{"line":20,"column":6},"end":{"line":20,"column":26}},"8":{"start":{"line":28,"column":0},"end":{"line":47,"column":2}},"9":{"start":{"line":29,"column":2},"end":{"line":29,"column":30}},"10":{"start":{"line":30,"column":2},"end":{"line":46,"column":5}},"11":{"start":{"line":31,"column":4},"end":{"line":45,"column":5}},"12":{"start":{"line":32,"column":6},"end":{"line":34,"column":9}},"13":{"start":{"line":36,"column":6},"end":{"line":44,"column":9}},"14":{"start":{"line":37,"column":8},"end":{"line":43,"column":9}},"15":{"start":{"line":38,"column":10},"end":{"line":40,"column":13}},"16":{"start":{"line":42,"column":10},"end":{"line":42,"column":25}},"17":{"start":{"line":52,"column":0},"end":{"line":72,"column":2}},"18":{"start":{"line":53,"column":2},"end":{"line":53,"column":30}},"19":{"start":{"line":54,"column":2},"end":{"line":71,"column":5}},"20":{"start":{"line":55,"column":4},"end":{"line":70,"column":5}},"21":{"start":{"line":56,"column":6},"end":{"line":58,"column":9}},"22":{"start":{"line":60,"column":6},"end":{"line":60,"column":33}},"23":{"start":{"line":61,"column":6},"end":{"line":69,"column":9}},"24":{"start":{"line":62,"column":8},"end":{"line":68,"column":9}},"25":{"start":{"line":63,"column":10},"end":{"line":65,"column":13}},"26":{"start":{"line":67,"column":10},"end":{"line":67,"column":31}},"27":{"start":{"line":77,"column":0},"end":{"line":87,"column":2}},"28":{"start":{"line":78,"column":2},"end":{"line":86,"column":5}},"29":{"start":{"line":79,"column":4},"end":{"line":85,"column":5}},"30":{"start":{"line":80,"column":6},"end":{"line":82,"column":9}},"31":{"start":{"line":84,"column":6},"end":{"line":84,"column":27}}},"branchMap":{"1":{"line":15,"type":"if","locations":[{"start":{"line":15,"column":4},"end":{"line":15,"column":4}},{"start":{"line":15,"column":4},"end":{"line":15,"column":4}}]},"2":{"line":31,"type":"if","locations":[{"start":{"line":31,"column":4},"end":{"line":31,"column":4}},{"start":{"line":31,"column":4},"end":{"line":31,"column":4}}]},"3":{"line":37,"type":"if","locations":[{"start":{"line":37,"column":8},"end":{"line":37,"column":8}},{"start":{"line":37,"column":8},"end":{"line":37,"column":8}}]},"4":{"line":55,"type":"if","locations":[{"start":{"line":55,"column":4},"end":{"line":55,"column":4}},{"start":{"line":55,"column":4},"end":{"line":55,"column":4}}]},"5":{"line":62,"type":"if","locations":[{"start":{"line":62,"column":8},"end":{"line":62,"column":8}},{"start":{"line":62,"column":8},"end":{"line":62,"column":8}}]},"6":{"line":79,"type":"if","locations":[{"start":{"line":79,"column":4},"end":{"line":79,"column":4}},{"start":{"line":79,"column":4},"end":{"line":79,"column":4}}]}}},"/home/anass/projet/trunk/api/services/images.js":{"path":"/home/anass/projet/trunk/api/services/images.js","s":{"1":1,"2":1,"3":1,"4":1,"5":1,"6":0,"7":0,"8":0,"9":0,"10":0,"11":0,"12":0,"13":0,"14":0,"15":0,"16":1,"17":0,"18":0,"19":0,"20":0,"21":0,"22":0,"23":0,"24":0,"25":0,"26":0,"27":0,"28":0,"29":0,"30":0,"31":0,"32":0,"33":0,"34":0,"35":0,"36":0,"37":0,"38":0,"39":0,"40":0,"41":0,"42":0,"43":0,"44":1,"45":0,"46":0,"47":0,"48":0,"49":0,"50":0,"51":0,"52":0,"53":0,"54":0,"55":0,"56":0,"57":0,"58":0,"59":0,"60":0,"61":0,"62":0,"63":0,"64":0,"65":0,"66":0,"67":0,"68":0,"69":0,"70":0,"71":1,"72":0,"73":0,"74":0,"75":0,"76":0,"77":0,"78":0,"79":0,"80":0,"81":0,"82":0,"83":0,"84":0,"85":0,"86":0,"87":0,"88":0,"89":0,"90":0,"91":0,"92":1,"93":0,"94":0,"95":0,"96":0,"97":0,"98":0,"99":0,"100":0,"101":0,"102":0,"103":1,"104":0,"105":0,"106":0,"107":0,"108":0,"109":0,"110":0,"111":0,"112":1,"113":0,"114":0,"115":0,"116":0,"117":0,"118":0,"119":1,"120":0,"121":0,"122":0,"123":0,"124":0,"125":0},"b":{"1":[0,0],"2":[0,0],"3":[0,0],"4":[0,0],"5":[0,0],"6":[0,0],"7":[0,0],"8":[0,0],"9":[0,0],"10":[0,0],"11":[0,0],"12":[0,0],"13":[0,0],"14":[0,0],"15":[0,0],"16":[0,0],"17":[0,0],"18":[0,0],"19":[0,0],"20":[0,0],"21":[0,0]},"f":{"1":0,"2":0,"3":0,"4":0,"5":0,"6":0,"7":0,"8":0,"9":0,"10":0,"11":0,"12":0,"13":0,"14":0,"15":0,"16":0,"17":0,"18":0,"19":0,"20":0,"21":0},"fnMap":{"1":{"name":"(anonymous_1)","line":16,"loc":{"start":{"line":16,"column":20},"end":{"line":16,"column":39}}},"2":{"name":"(anonymous_2)","line":24,"loc":{"start":{"line":24,"column":165},"end":{"line":24,"column":195}}},"3":{"name":"(anonymous_3)","line":37,"loc":{"start":{"line":37,"column":19},"end":{"line":37,"column":38}}},"4":{"name":"(anonymous_4)","line":48,"loc":{"start":{"line":48,"column":57},"end":{"line":48,"column":71}}},"5":{"name":"(anonymous_5)","line":50,"loc":{"start":{"line":50,"column":20},"end":{"line":50,"column":37}}},"6":{"name":"(anonymous_6)","line":57,"loc":{"start":{"line":57,"column":57},"end":{"line":57,"column":75}}},"7":{"name":"(anonymous_7)","line":59,"loc":{"start":{"line":59,"column":32},"end":{"line":59,"column":52}}},"8":{"name":"(anonymous_8)","line":65,"loc":{"start":{"line":65,"column":31},"end":{"line":65,"column":45}}},"9":{"name":"(anonymous_9)","line":67,"loc":{"start":{"line":67,"column":23},"end":{"line":67,"column":37}}},"10":{"name":"(anonymous_10)","line":80,"loc":{"start":{"line":80,"column":22},"end":{"line":80,"column":41}}},"11":{"name":"(anonymous_11)","line":130,"loc":{"start":{"line":130,"column":27},"end":{"line":130,"column":49}}},"12":{"name":"(anonymous_12)","line":136,"loc":{"start":{"line":136,"column":132},"end":{"line":136,"column":148}}},"13":{"name":"(anonymous_13)","line":144,"loc":{"start":{"line":144,"column":77},"end":{"line":144,"column":105}}},"14":{"name":"(anonymous_14)","line":170,"loc":{"start":{"line":170,"column":28},"end":{"line":170,"column":50}}},"15":{"name":"(anonymous_15)","line":176,"loc":{"start":{"line":176,"column":58},"end":{"line":176,"column":74}}},"16":{"name":"(anonymous_16)","line":193,"loc":{"start":{"line":193,"column":23},"end":{"line":193,"column":42}}},"17":{"name":"(anonymous_17)","line":201,"loc":{"start":{"line":201,"column":134},"end":{"line":201,"column":150}}},"18":{"name":"(anonymous_18)","line":213,"loc":{"start":{"line":213,"column":31},"end":{"line":213,"column":50}}},"19":{"name":"(anonymous_19)","line":218,"loc":{"start":{"line":218,"column":52},"end":{"line":218,"column":68}}},"20":{"name":"(anonymous_20)","line":229,"loc":{"start":{"line":229,"column":29},"end":{"line":229,"column":48}}},"21":{"name":"(anonymous_21)","line":235,"loc":{"start":{"line":235,"column":46},"end":{"line":235,"column":62}}}},"statementMap":{"1":{"start":{"line":4,"column":0},"end":{"line":4,"column":43}},"2":{"start":{"line":9,"column":0},"end":{"line":9,"column":20}},"3":{"start":{"line":10,"column":0},"end":{"line":10,"column":23}},"4":{"start":{"line":11,"column":0},"end":{"line":11,"column":16}},"5":{"start":{"line":16,"column":0},"end":{"line":33,"column":2}},"6":{"start":{"line":18,"column":1},"end":{"line":18,"column":67}},"7":{"start":{"line":19,"column":1},"end":{"line":19,"column":39}},"8":{"start":{"line":20,"column":1},"end":{"line":20,"column":69}},"9":{"start":{"line":23,"column":1},"end":{"line":23,"column":42}},"10":{"start":{"line":24,"column":1},"end":{"line":32,"column":4}},"11":{"start":{"line":25,"column":2},"end":{"line":25,"column":22}},"12":{"start":{"line":26,"column":2},"end":{"line":26,"column":22}},"13":{"start":{"line":27,"column":2},"end":{"line":31,"column":3}},"14":{"start":{"line":28,"column":3},"end":{"line":28,"column":13}},"15":{"start":{"line":30,"column":3},"end":{"line":30,"column":72}},"16":{"start":{"line":37,"column":0},"end":{"line":77,"column":2}},"17":{"start":{"line":39,"column":1},"end":{"line":39,"column":42}},"18":{"start":{"line":40,"column":1},"end":{"line":40,"column":24}},"19":{"start":{"line":41,"column":1},"end":{"line":41,"column":32}},"20":{"start":{"line":43,"column":1},"end":{"line":43,"column":41}},"21":{"start":{"line":44,"column":1},"end":{"line":44,"column":33}},"22":{"start":{"line":45,"column":1},"end":{"line":45,"column":83}},"23":{"start":{"line":48,"column":1},"end":{"line":75,"column":4}},"24":{"start":{"line":50,"column":2},"end":{"line":53,"column":5}},"25":{"start":{"line":51,"column":3},"end":{"line":51,"column":65}},"26":{"start":{"line":52,"column":3},"end":{"line":52,"column":18}},"27":{"start":{"line":55,"column":2},"end":{"line":55,"column":21}},"28":{"start":{"line":55,"column":11},"end":{"line":55,"column":21}},"29":{"start":{"line":57,"column":2},"end":{"line":74,"column":5}},"30":{"start":{"line":58,"column":3},"end":{"line":58,"column":30}},"31":{"start":{"line":58,"column":16},"end":{"line":58,"column":30}},"32":{"start":{"line":59,"column":3},"end":{"line":73,"column":6}},"33":{"start":{"line":60,"column":4},"end":{"line":60,"column":23}},"34":{"start":{"line":60,"column":13},"end":{"line":60,"column":23}},"35":{"start":{"line":62,"column":4},"end":{"line":62,"column":37}},"36":{"start":{"line":63,"column":4},"end":{"line":63,"column":45}},"37":{"start":{"line":64,"column":4},"end":{"line":64,"column":20}},"38":{"start":{"line":65,"column":4},"end":{"line":72,"column":7}},"39":{"start":{"line":66,"column":5},"end":{"line":66,"column":24}},"40":{"start":{"line":66,"column":14},"end":{"line":66,"column":24}},"41":{"start":{"line":67,"column":5},"end":{"line":71,"column":8}},"42":{"start":{"line":68,"column":6},"end":{"line":70,"column":7}},"43":{"start":{"line":69,"column":7},"end":{"line":69,"column":17}},"44":{"start":{"line":80,"column":0},"end":{"line":126,"column":2}},"45":{"start":{"line":82,"column":1},"end":{"line":82,"column":24}},"46":{"start":{"line":83,"column":1},"end":{"line":83,"column":24}},"47":{"start":{"line":84,"column":1},"end":{"line":84,"column":20}},"48":{"start":{"line":85,"column":1},"end":{"line":85,"column":13}},"49":{"start":{"line":87,"column":1},"end":{"line":95,"column":2}},"50":{"start":{"line":88,"column":2},"end":{"line":88,"column":45}},"51":{"start":{"line":89,"column":2},"end":{"line":89,"column":18}},"52":{"start":{"line":91,"column":2},"end":{"line":93,"column":3}},"53":{"start":{"line":92,"column":3},"end":{"line":92,"column":49}},"54":{"start":{"line":94,"column":2},"end":{"line":94,"column":37}},"55":{"start":{"line":97,"column":1},"end":{"line":97,"column":35}},"56":{"start":{"line":98,"column":1},"end":{"line":98,"column":35}},"57":{"start":{"line":101,"column":1},"end":{"line":125,"column":2}},"58":{"start":{"line":103,"column":2},"end":{"line":103,"column":37}},"59":{"start":{"line":105,"column":2},"end":{"line":105,"column":77}},"60":{"start":{"line":107,"column":2},"end":{"line":107,"column":58}},"61":{"start":{"line":110,"column":2},"end":{"line":110,"column":58}},"62":{"start":{"line":111,"column":2},"end":{"line":111,"column":57}},"63":{"start":{"line":112,"column":2},"end":{"line":124,"column":3}},"64":{"start":{"line":114,"column":3},"end":{"line":114,"column":42}},"65":{"start":{"line":115,"column":9},"end":{"line":124,"column":3}},"66":{"start":{"line":117,"column":3},"end":{"line":117,"column":43}},"67":{"start":{"line":119,"column":3},"end":{"line":119,"column":31}},"68":{"start":{"line":120,"column":3},"end":{"line":120,"column":16}},"69":{"start":{"line":121,"column":3},"end":{"line":123,"column":4}},"70":{"start":{"line":122,"column":4},"end":{"line":122,"column":36}},"71":{"start":{"line":130,"column":0},"end":{"line":168,"column":2}},"72":{"start":{"line":132,"column":1},"end":{"line":132,"column":42}},"73":{"start":{"line":133,"column":1},"end":{"line":133,"column":79}},"74":{"start":{"line":136,"column":1},"end":{"line":167,"column":4}},"75":{"start":{"line":137,"column":2},"end":{"line":166,"column":3}},"76":{"start":{"line":138,"column":3},"end":{"line":138,"column":22}},"77":{"start":{"line":139,"column":3},"end":{"line":139,"column":18}},"78":{"start":{"line":144,"column":3},"end":{"line":165,"column":6}},"79":{"start":{"line":146,"column":4},"end":{"line":149,"column":5}},"80":{"start":{"line":147,"column":5},"end":{"line":147,"column":26}},"81":{"start":{"line":148,"column":5},"end":{"line":148,"column":20}},"82":{"start":{"line":151,"column":4},"end":{"line":151,"column":56}},"83":{"start":{"line":152,"column":4},"end":{"line":156,"column":5}},"84":{"start":{"line":153,"column":5},"end":{"line":155,"column":6}},"85":{"start":{"line":154,"column":6},"end":{"line":154,"column":48}},"86":{"start":{"line":157,"column":4},"end":{"line":157,"column":17}},"87":{"start":{"line":158,"column":4},"end":{"line":158,"column":42}},"88":{"start":{"line":159,"column":4},"end":{"line":159,"column":50}},"89":{"start":{"line":160,"column":4},"end":{"line":163,"column":5}},"90":{"start":{"line":161,"column":5},"end":{"line":161,"column":34}},"91":{"start":{"line":162,"column":5},"end":{"line":162,"column":37}},"92":{"start":{"line":170,"column":0},"end":{"line":190,"column":2}},"93":{"start":{"line":172,"column":1},"end":{"line":172,"column":42}},"94":{"start":{"line":173,"column":1},"end":{"line":173,"column":79}},"95":{"start":{"line":176,"column":1},"end":{"line":189,"column":4}},"96":{"start":{"line":177,"column":2},"end":{"line":188,"column":3}},"97":{"start":{"line":178,"column":3},"end":{"line":178,"column":22}},"98":{"start":{"line":179,"column":3},"end":{"line":179,"column":18}},"99":{"start":{"line":183,"column":3},"end":{"line":183,"column":46}},"100":{"start":{"line":184,"column":3},"end":{"line":184,"column":16}},"101":{"start":{"line":185,"column":3},"end":{"line":187,"column":4}},"102":{"start":{"line":186,"column":4},"end":{"line":186,"column":36}},"103":{"start":{"line":193,"column":0},"end":{"line":210,"column":2}},"104":{"start":{"line":194,"column":1},"end":{"line":194,"column":42}},"105":{"start":{"line":196,"column":1},"end":{"line":196,"column":68}},"106":{"start":{"line":198,"column":1},"end":{"line":198,"column":28}},"107":{"start":{"line":201,"column":1},"end":{"line":209,"column":4}},"108":{"start":{"line":202,"column":2},"end":{"line":207,"column":3}},"109":{"start":{"line":203,"column":3},"end":{"line":203,"column":22}},"110":{"start":{"line":205,"column":3},"end":{"line":205,"column":59}},"111":{"start":{"line":206,"column":3},"end":{"line":206,"column":23}},"112":{"start":{"line":213,"column":0},"end":{"line":226,"column":2}},"113":{"start":{"line":214,"column":1},"end":{"line":214,"column":42}},"114":{"start":{"line":216,"column":1},"end":{"line":216,"column":29}},"115":{"start":{"line":218,"column":1},"end":{"line":225,"column":4}},"116":{"start":{"line":219,"column":2},"end":{"line":223,"column":3}},"117":{"start":{"line":220,"column":3},"end":{"line":220,"column":22}},"118":{"start":{"line":222,"column":3},"end":{"line":222,"column":34}},"119":{"start":{"line":229,"column":0},"end":{"line":243,"column":2}},"120":{"start":{"line":230,"column":1},"end":{"line":230,"column":42}},"121":{"start":{"line":232,"column":1},"end":{"line":232,"column":28}},"122":{"start":{"line":235,"column":1},"end":{"line":242,"column":4}},"123":{"start":{"line":236,"column":2},"end":{"line":240,"column":3}},"124":{"start":{"line":237,"column":3},"end":{"line":237,"column":22}},"125":{"start":{"line":239,"column":3},"end":{"line":239,"column":32}}},"branchMap":{"1":{"line":27,"type":"if","locations":[{"start":{"line":27,"column":2},"end":{"line":27,"column":2}},{"start":{"line":27,"column":2},"end":{"line":27,"column":2}}]},"2":{"line":51,"type":"cond-expr","locations":[{"start":{"line":51,"column":25},"end":{"line":51,"column":40}},{"start":{"line":51,"column":43},"end":{"line":51,"column":62}}]},"3":{"line":55,"type":"if","locations":[{"start":{"line":55,"column":2},"end":{"line":55,"column":2}},{"start":{"line":55,"column":2},"end":{"line":55,"column":2}}]},"4":{"line":58,"type":"if","locations":[{"start":{"line":58,"column":3},"end":{"line":58,"column":3}},{"start":{"line":58,"column":3},"end":{"line":58,"column":3}}]},"5":{"line":60,"type":"if","locations":[{"start":{"line":60,"column":4},"end":{"line":60,"column":4}},{"start":{"line":60,"column":4},"end":{"line":60,"column":4}}]},"6":{"line":66,"type":"if","locations":[{"start":{"line":66,"column":5},"end":{"line":66,"column":5}},{"start":{"line":66,"column":5},"end":{"line":66,"column":5}}]},"7":{"line":68,"type":"if","locations":[{"start":{"line":68,"column":6},"end":{"line":68,"column":6}},{"start":{"line":68,"column":6},"end":{"line":68,"column":6}}]},"8":{"line":87,"type":"if","locations":[{"start":{"line":87,"column":1},"end":{"line":87,"column":1}},{"start":{"line":87,"column":1},"end":{"line":87,"column":1}}]},"9":{"line":112,"type":"if","locations":[{"start":{"line":112,"column":2},"end":{"line":112,"column":2}},{"start":{"line":112,"column":2},"end":{"line":112,"column":2}}]},"10":{"line":115,"type":"if","locations":[{"start":{"line":115,"column":9},"end":{"line":115,"column":9}},{"start":{"line":115,"column":9},"end":{"line":115,"column":9}}]},"11":{"line":115,"type":"binary-expr","locations":[{"start":{"line":115,"column":13},"end":{"line":115,"column":33}},{"start":{"line":115,"column":37},"end":{"line":115,"column":58}}]},"12":{"line":121,"type":"if","locations":[{"start":{"line":121,"column":3},"end":{"line":121,"column":3}},{"start":{"line":121,"column":3},"end":{"line":121,"column":3}}]},"13":{"line":137,"type":"if","locations":[{"start":{"line":137,"column":2},"end":{"line":137,"column":2}},{"start":{"line":137,"column":2},"end":{"line":137,"column":2}}]},"14":{"line":146,"type":"if","locations":[{"start":{"line":146,"column":4},"end":{"line":146,"column":4}},{"start":{"line":146,"column":4},"end":{"line":146,"column":4}}]},"15":{"line":153,"type":"if","locations":[{"start":{"line":153,"column":5},"end":{"line":153,"column":5}},{"start":{"line":153,"column":5},"end":{"line":153,"column":5}}]},"16":{"line":160,"type":"if","locations":[{"start":{"line":160,"column":4},"end":{"line":160,"column":4}},{"start":{"line":160,"column":4},"end":{"line":160,"column":4}}]},"17":{"line":177,"type":"if","locations":[{"start":{"line":177,"column":2},"end":{"line":177,"column":2}},{"start":{"line":177,"column":2},"end":{"line":177,"column":2}}]},"18":{"line":185,"type":"if","locations":[{"start":{"line":185,"column":3},"end":{"line":185,"column":3}},{"start":{"line":185,"column":3},"end":{"line":185,"column":3}}]},"19":{"line":202,"type":"if","locations":[{"start":{"line":202,"column":2},"end":{"line":202,"column":2}},{"start":{"line":202,"column":2},"end":{"line":202,"column":2}}]},"20":{"line":219,"type":"if","locations":[{"start":{"line":219,"column":2},"end":{"line":219,"column":2}},{"start":{"line":219,"column":2},"end":{"line":219,"column":2}}]},"21":{"line":236,"type":"if","locations":[{"start":{"line":236,"column":2},"end":{"line":236,"column":2}},{"start":{"line":236,"column":2},"end":{"line":236,"column":2}}]}}},"/home/anass/projet/trunk/api/helpers/helpers.js":{"path":"/home/anass/projet/trunk/api/helpers/helpers.js","s":{"1":1,"2":0,"3":0},"b":{},"f":{"1":0},"fnMap":{"1":{"name":"(anonymous_1)","line":4,"loc":{"start":{"line":4,"column":27},"end":{"line":4,"column":46}}}},"statementMap":{"1":{"start":{"line":4,"column":0},"end":{"line":7,"column":2}},"2":{"start":{"line":5,"column":4},"end":{"line":5,"column":31}},"3":{"start":{"line":6,"column":4},"end":{"line":6,"column":34}}},"branchMap":{}},"/home/anass/projet/trunk/models/Profil.js":{"path":"/home/anass/projet/trunk/models/Profil.js","s":{"1":1,"2":1,"3":1,"4":1,"5":0,"6":1},"b":{},"f":{"1":0},"fnMap":{"1":{"name":"(anonymous_1)","line":18,"loc":{"start":{"line":18,"column":7},"end":{"line":18,"column":24}}}},"statementMap":{"1":{"start":{"line":1,"column":0},"end":{"line":1,"column":35}},"2":{"start":{"line":3,"column":0},"end":{"line":3,"column":29}},"3":{"start":{"line":5,"column":0},"end":{"line":12,"column":3}},"4":{"start":{"line":17,"column":0},"end":{"line":23,"column":2}},"5":{"start":{"line":19,"column":2},"end":{"line":21,"column":14}},"6":{"start":{"line":25,"column":0},"end":{"line":25,"column":52}}},"branchMap":{}},"/home/anass/projet/trunk/api/dao/profils.js":{"path":"/home/anass/projet/trunk/api/dao/profils.js","s":{"1":1,"2":1,"3":1,"4":1,"5":1,"6":1,"7":1,"8":1,"9":0,"10":1,"11":1,"12":1,"13":1,"14":0,"15":1,"16":1,"17":1,"18":1,"19":1,"20":0,"21":1,"22":1,"23":1,"24":1,"25":1,"26":1,"27":1,"28":0,"29":1,"30":1,"31":1,"32":1,"33":1,"34":0,"35":1,"36":1},"b":{"1":[0,1],"2":[0,1],"3":[0,1],"4":[0,1],"5":[0,1]},"f":{"1":1,"2":1,"3":1,"4":1,"5":1,"6":1,"7":1,"8":1,"9":1,"10":1},"fnMap":{"1":{"name":"(anonymous_1)","line":13,"loc":{"start":{"line":13,"column":24},"end":{"line":13,"column":43}}},"2":{"name":"(anonymous_2)","line":20,"loc":{"start":{"line":20,"column":15},"end":{"line":20,"column":29}}},"3":{"name":"(anonymous_3)","line":36,"loc":{"start":{"line":36,"column":14},"end":{"line":36,"column":33}}},"4":{"name":"(anonymous_4)","line":37,"loc":{"start":{"line":37,"column":21},"end":{"line":37,"column":44}}},"5":{"name":"(anonymous_5)","line":53,"loc":{"start":{"line":53,"column":17},"end":{"line":53,"column":36}}},"6":{"name":"(anonymous_6)","line":56,"loc":{"start":{"line":56,"column":30},"end":{"line":56,"column":50}}},"7":{"name":"(anonymous_7)","line":67,"loc":{"start":{"line":67,"column":16},"end":{"line":67,"column":30}}},"8":{"name":"(anonymous_8)","line":85,"loc":{"start":{"line":85,"column":20},"end":{"line":85,"column":39}}},"9":{"name":"(anonymous_9)","line":87,"loc":{"start":{"line":87,"column":30},"end":{"line":87,"column":50}}},"10":{"name":"(anonymous_10)","line":93,"loc":{"start":{"line":93,"column":26},"end":{"line":93,"column":37}}}},"statementMap":{"1":{"start":{"line":6,"column":0},"end":{"line":7,"column":36}},"2":{"start":{"line":8,"column":0},"end":{"line":8,"column":23}},"3":{"start":{"line":13,"column":0},"end":{"line":31,"column":2}},"4":{"start":{"line":14,"column":2},"end":{"line":14,"column":37}},"5":{"start":{"line":16,"column":2},"end":{"line":16,"column":46}},"6":{"start":{"line":17,"column":2},"end":{"line":17,"column":56}},"7":{"start":{"line":20,"column":2},"end":{"line":30,"column":5}},"8":{"start":{"line":21,"column":4},"end":{"line":29,"column":5}},"9":{"start":{"line":22,"column":6},"end":{"line":25,"column":9}},"10":{"start":{"line":28,"column":6},"end":{"line":28,"column":25}},"11":{"start":{"line":36,"column":0},"end":{"line":47,"column":2}},"12":{"start":{"line":37,"column":2},"end":{"line":46,"column":5}},"13":{"start":{"line":38,"column":4},"end":{"line":45,"column":5}},"14":{"start":{"line":39,"column":6},"end":{"line":41,"column":9}},"15":{"start":{"line":44,"column":6},"end":{"line":44,"column":25}},"16":{"start":{"line":53,"column":0},"end":{"line":78,"column":2}},"17":{"start":{"line":54,"column":2},"end":{"line":54,"column":36}},"18":{"start":{"line":56,"column":2},"end":{"line":77,"column":5}},"19":{"start":{"line":57,"column":4},"end":{"line":76,"column":5}},"20":{"start":{"line":58,"column":6},"end":{"line":60,"column":9}},"21":{"start":{"line":62,"column":6},"end":{"line":62,"column":32}},"22":{"start":{"line":63,"column":6},"end":{"line":63,"column":28}},"23":{"start":{"line":64,"column":6},"end":{"line":64,"column":30}},"24":{"start":{"line":65,"column":6},"end":{"line":65,"column":42}},"25":{"start":{"line":66,"column":6},"end":{"line":66,"column":50}},"26":{"start":{"line":67,"column":6},"end":{"line":75,"column":9}},"27":{"start":{"line":68,"column":8},"end":{"line":74,"column":9}},"28":{"start":{"line":69,"column":10},"end":{"line":71,"column":13}},"29":{"start":{"line":73,"column":10},"end":{"line":73,"column":31}},"30":{"start":{"line":85,"column":0},"end":{"line":100,"column":2}},"31":{"start":{"line":86,"column":2},"end":{"line":86,"column":36}},"32":{"start":{"line":87,"column":2},"end":{"line":99,"column":5}},"33":{"start":{"line":88,"column":4},"end":{"line":98,"column":5}},"34":{"start":{"line":89,"column":6},"end":{"line":91,"column":9}},"35":{"start":{"line":93,"column":6},"end":{"line":97,"column":9}},"36":{"start":{"line":94,"column":8},"end":{"line":96,"column":11}}},"branchMap":{"1":{"line":21,"type":"if","locations":[{"start":{"line":21,"column":4},"end":{"line":21,"column":4}},{"start":{"line":21,"column":4},"end":{"line":21,"column":4}}]},"2":{"line":38,"type":"if","locations":[{"start":{"line":38,"column":4},"end":{"line":38,"column":4}},{"start":{"line":38,"column":4},"end":{"line":38,"column":4}}]},"3":{"line":57,"type":"if","locations":[{"start":{"line":57,"column":4},"end":{"line":57,"column":4}},{"start":{"line":57,"column":4},"end":{"line":57,"column":4}}]},"4":{"line":68,"type":"if","locations":[{"start":{"line":68,"column":8},"end":{"line":68,"column":8}},{"start":{"line":68,"column":8},"end":{"line":68,"column":8}}]},"5":{"line":88,"type":"if","locations":[{"start":{"line":88,"column":4},"end":{"line":88,"column":4}},{"start":{"line":88,"column":4},"end":{"line":88,"column":4}}]}}},"/home/anass/projet/trunk/models/ProfilTag.js":{"path":"/home/anass/projet/trunk/models/ProfilTag.js","s":{"1":1,"2":1,"3":1,"4":1,"5":0,"6":1},"b":{},"f":{"1":0},"fnMap":{"1":{"name":"(anonymous_1)","line":21,"loc":{"start":{"line":21,"column":7},"end":{"line":21,"column":24}}}},"statementMap":{"1":{"start":{"line":1,"column":0},"end":{"line":1,"column":35}},"2":{"start":{"line":3,"column":0},"end":{"line":3,"column":29}},"3":{"start":{"line":5,"column":0},"end":{"line":15,"column":3}},"4":{"start":{"line":20,"column":0},"end":{"line":26,"column":2}},"5":{"start":{"line":22,"column":2},"end":{"line":24,"column":14}},"6":{"start":{"line":28,"column":0},"end":{"line":28,"column":61}}},"branchMap":{}},"/home/anass/projet/trunk/api/dao/profilTag.js":{"path":"/home/anass/projet/trunk/api/dao/profilTag.js","s":{"1":1,"2":1,"3":1,"4":1,"5":1,"6":0,"7":1,"8":1,"9":1,"10":1,"11":0,"12":1,"13":1,"14":1,"15":1,"16":1,"17":0,"18":1,"19":1},"b":{"1":[0,1],"2":[0,1],"3":[0,1]},"f":{"1":1,"2":1,"3":1,"4":1,"5":1,"6":1,"7":1},"fnMap":{"1":{"name":"(anonymous_1)","line":14,"loc":{"start":{"line":14,"column":26},"end":{"line":14,"column":45}}},"2":{"name":"(anonymous_2)","line":17,"loc":{"start":{"line":17,"column":17},"end":{"line":17,"column":31}}},"3":{"name":"(anonymous_3)","line":33,"loc":{"start":{"line":33,"column":27},"end":{"line":33,"column":46}}},"4":{"name":"(anonymous_4)","line":36,"loc":{"start":{"line":36,"column":5},"end":{"line":36,"column":25}}},"5":{"name":"(anonymous_5)","line":52,"loc":{"start":{"line":52,"column":20},"end":{"line":52,"column":39}}},"6":{"name":"(anonymous_6)","line":59,"loc":{"start":{"line":59,"column":5},"end":{"line":59,"column":25}}},"7":{"name":"(anonymous_7)","line":67,"loc":{"start":{"line":67,"column":29},"end":{"line":67,"column":40}}}},"statementMap":{"1":{"start":{"line":6,"column":0},"end":{"line":7,"column":42}},"2":{"start":{"line":14,"column":0},"end":{"line":27,"column":2}},"3":{"start":{"line":15,"column":2},"end":{"line":15,"column":42}},"4":{"start":{"line":17,"column":2},"end":{"line":26,"column":5}},"5":{"start":{"line":18,"column":4},"end":{"line":25,"column":5}},"6":{"start":{"line":19,"column":6},"end":{"line":22,"column":9}},"7":{"start":{"line":24,"column":6},"end":{"line":24,"column":27}},"8":{"start":{"line":33,"column":0},"end":{"line":45,"column":2}},"9":{"start":{"line":34,"column":2},"end":{"line":44,"column":5}},"10":{"start":{"line":37,"column":4},"end":{"line":43,"column":5}},"11":{"start":{"line":38,"column":6},"end":{"line":40,"column":9}},"12":{"start":{"line":42,"column":6},"end":{"line":42,"column":27}},"13":{"start":{"line":52,"column":0},"end":{"line":74,"column":2}},"14":{"start":{"line":54,"column":2},"end":{"line":54,"column":42}},"15":{"start":{"line":56,"column":2},"end":{"line":73,"column":5}},"16":{"start":{"line":60,"column":4},"end":{"line":72,"column":5}},"17":{"start":{"line":61,"column":6},"end":{"line":63,"column":9}},"18":{"start":{"line":67,"column":6},"end":{"line":71,"column":9}},"19":{"start":{"line":68,"column":8},"end":{"line":70,"column":11}}},"branchMap":{"1":{"line":18,"type":"if","locations":[{"start":{"line":18,"column":4},"end":{"line":18,"column":4}},{"start":{"line":18,"column":4},"end":{"line":18,"column":4}}]},"2":{"line":37,"type":"if","locations":[{"start":{"line":37,"column":4},"end":{"line":37,"column":4}},{"start":{"line":37,"column":4},"end":{"line":37,"column":4}}]},"3":{"line":60,"type":"if","locations":[{"start":{"line":60,"column":4},"end":{"line":60,"column":4}},{"start":{"line":60,"column":4},"end":{"line":60,"column":4}}]}}}}