<?xml version="1.0" ?>
<!DOCTYPE coverage SYSTEM "http://cobertura.sourceforge.net/xml/coverage-04.dtd">
<coverage lines-valid="558"  lines-covered="420"  line-rate="0.7526999999999999"  branches-valid="125"  branches-covered="54"  branch-rate="0.43200000000000005"  timestamp="1391519703323" complexity="0" version="0.1">
<sources>
	<source>/home/anass/projet/trunk</source>
</sources>
<packages>
	<package name="scripts"  line-rate="1"  branch-rate="0.5" >
	<classes>
		<class name="app.js"  filename="./app/scripts/app.js"  line-rate="1"  branch-rate="0.5" >
		<methods>
			<method name="(anonymous_1)"  hits="132"  signature="()V" >
				<lines><line number="6"  hits="132" /></lines>
			</method>
		</methods>
		<lines>
			<line number="1"  hits="2"  branch="true"  condition-coverage="50% (1/2)" />
			<line number="2"  hits="2"  branch="true"  condition-coverage="50% (1/2)" />
			<line number="3"  hits="66"  branch="false" />
			<line number="5"  hits="1"  branch="false" />
			<line number="6"  hits="66"  branch="false" />
		</lines>
		</class>
	</classes>
	</package>
	<package name="scripts.controllers.common"  line-rate="0.5"  branch-rate="1" >
	<classes>
		<class name="common.js"  filename="./app/scripts/controllers/common/common.js"  line-rate="0.5"  branch-rate="1" >
		<methods>
			<method name="(anonymous_1)"  hits="0"  signature="()V" >
				<lines><line number="3"  hits="0" /></lines>
			</method>
			<method name="(anonymous_2)"  hits="0"  signature="()V" >
				<lines><line number="6"  hits="0" /></lines>
			</method>
		</methods>
		<lines>
			<line number="1"  hits="1"  branch="false" />
			<line number="3"  hits="1"  branch="false" />
			<line number="6"  hits="0"  branch="false" />
			<line number="7"  hits="0"  branch="false" />
		</lines>
		</class>
	</classes>
	</package>
	<package name="scripts.controllers.index"  line-rate="1"  branch-rate="1" >
	<classes>
		<class name="main.js"  filename="./app/scripts/controllers/index/main.js"  line-rate="1"  branch-rate="1" >
		<methods>
			<method name="(anonymous_1)"  hits="1"  signature="()V" >
				<lines><line number="3"  hits="1" /></lines>
			</method>
		</methods>
		<lines>
			<line number="1"  hits="1"  branch="false" />
			<line number="3"  hits="1"  branch="false" />
			<line number="4"  hits="1"  branch="false" />
		</lines>
		</class>
	</classes>
	</package>
	<package name="scripts.controllers.profiles"  line-rate="0.6872"  branch-rate="0.40630000000000005" >
	<classes>
		<class name="profiles.js"  filename="./app/scripts/controllers/profiles/profiles.js"  line-rate="0.6872"  branch-rate="0.40630000000000005" >
		<methods>
			<method name="(anonymous_1)"  hits="31"  signature="()V" >
				<lines><line number="5"  hits="31" /></lines>
			</method>
			<method name="(anonymous_2)"  hits="41"  signature="()V" >
				<lines><line number="76"  hits="41" /></lines>
			</method>
			<method name="(anonymous_3)"  hits="24"  signature="()V" >
				<lines><line number="78"  hits="24" /></lines>
			</method>
			<method name="(anonymous_4)"  hits="2"  signature="()V" >
				<lines><line number="84"  hits="2" /></lines>
			</method>
			<method name="(anonymous_5)"  hits="2"  signature="()V" >
				<lines><line number="86"  hits="2" /></lines>
			</method>
			<method name="(anonymous_6)"  hits="1"  signature="()V" >
				<lines><line number="110"  hits="1" /></lines>
			</method>
			<method name="(anonymous_7)"  hits="2"  signature="()V" >
				<lines><line number="116"  hits="2" /></lines>
			</method>
			<method name="(anonymous_8)"  hits="2"  signature="()V" >
				<lines><line number="119"  hits="2" /></lines>
			</method>
			<method name="(anonymous_9)"  hits="2"  signature="()V" >
				<lines><line number="140"  hits="2" /></lines>
			</method>
			<method name="(anonymous_10)"  hits="2"  signature="()V" >
				<lines><line number="142"  hits="2" /></lines>
			</method>
			<method name="(anonymous_11)"  hits="2"  signature="()V" >
				<lines><line number="149"  hits="2" /></lines>
			</method>
			<method name="(anonymous_12)"  hits="2"  signature="()V" >
				<lines><line number="151"  hits="2" /></lines>
			</method>
			<method name="(anonymous_13)"  hits="1"  signature="()V" >
				<lines><line number="162"  hits="1" /></lines>
			</method>
			<method name="(anonymous_14)"  hits="1"  signature="()V" >
				<lines><line number="168"  hits="1" /></lines>
			</method>
			<method name="(anonymous_15)"  hits="2"  signature="()V" >
				<lines><line number="177"  hits="2" /></lines>
			</method>
			<method name="(anonymous_16)"  hits="3"  signature="()V" >
				<lines><line number="182"  hits="3" /></lines>
			</method>
			<method name="(anonymous_17)"  hits="3"  signature="()V" >
				<lines><line number="184"  hits="3" /></lines>
			</method>
			<method name="(anonymous_18)"  hits="3"  signature="()V" >
				<lines><line number="199"  hits="3" /></lines>
			</method>
			<method name="(anonymous_19)"  hits="6"  signature="()V" >
				<lines><line number="201"  hits="6" /></lines>
			</method>
			<method name="(anonymous_20)"  hits="6"  signature="()V" >
				<lines><line number="215"  hits="6" /></lines>
			</method>
			<method name="(anonymous_21)"  hits="0"  signature="()V" >
				<lines><line number="236"  hits="0" /></lines>
			</method>
			<method name="(anonymous_22)"  hits="0"  signature="()V" >
				<lines><line number="238"  hits="0" /></lines>
			</method>
			<method name="(anonymous_23)"  hits="0"  signature="()V" >
				<lines><line number="254"  hits="0" /></lines>
			</method>
			<method name="(anonymous_24)"  hits="1"  signature="()V" >
				<lines><line number="286"  hits="1" /></lines>
			</method>
			<method name="(anonymous_25)"  hits="0"  signature="()V" >
				<lines><line number="295"  hits="0" /></lines>
			</method>
			<method name="(anonymous_26)"  hits="1"  signature="()V" >
				<lines><line number="329"  hits="1" /></lines>
			</method>
			<method name="(anonymous_27)"  hits="1"  signature="()V" >
				<lines><line number="339"  hits="1" /></lines>
			</method>
			<method name="(anonymous_28)"  hits="0"  signature="()V" >
				<lines><line number="379"  hits="0" /></lines>
			</method>
			<method name="(anonymous_29)"  hits="1"  signature="()V" >
				<lines><line number="397"  hits="1" /></lines>
			</method>
			<method name="(anonymous_30)"  hits="1"  signature="()V" >
				<lines><line number="413"  hits="1" /></lines>
			</method>
			<method name="(anonymous_31)"  hits="1"  signature="()V" >
				<lines><line number="428"  hits="1" /></lines>
			</method>
			<method name="(anonymous_32)"  hits="1"  signature="()V" >
				<lines><line number="438"  hits="1" /></lines>
			</method>
			<method name="(anonymous_33)"  hits="0"  signature="()V" >
				<lines><line number="444"  hits="0" /></lines>
			</method>
			<method name="(anonymous_34)"  hits="1"  signature="()V" >
				<lines><line number="475"  hits="1" /></lines>
			</method>
			<method name="(anonymous_35)"  hits="10"  signature="()V" >
				<lines><line number="484"  hits="10" /></lines>
			</method>
			<method name="(anonymous_36)"  hits="1"  signature="()V" >
				<lines><line number="494"  hits="1" /></lines>
			</method>
		</methods>
		<lines>
			<line number="1"  hits="1"  branch="false" />
			<line number="5"  hits="1"  branch="false" />
			<line number="8"  hits="31"  branch="false" />
			<line number="9"  hits="31"  branch="false" />
			<line number="10"  hits="31"  branch="false" />
			<line number="11"  hits="31"  branch="false" />
			<line number="12"  hits="31"  branch="false" />
			<line number="13"  hits="31"  branch="false" />
			<line number="14"  hits="31"  branch="false" />
			<line number="15"  hits="31"  branch="false" />
			<line number="16"  hits="31"  branch="false" />
			<line number="17"  hits="31"  branch="false" />
			<line number="18"  hits="31"  branch="false" />
			<line number="19"  hits="31"  branch="false" />
			<line number="20"  hits="31"  branch="false" />
			<line number="21"  hits="31"  branch="false" />
			<line number="44"  hits="31"  branch="false" />
			<line number="73"  hits="31"  branch="false" />
			<line number="76"  hits="31"  branch="false" />
			<line number="77"  hits="41"  branch="false" />
			<line number="79"  hits="24"  branch="false" />
			<line number="84"  hits="31"  branch="false" />
			<line number="85"  hits="2"  branch="false" />
			<line number="87"  hits="2"  branch="false" />
			<line number="88"  hits="2"  branch="false" />
			<line number="89"  hits="2"  branch="false" />
			<line number="90"  hits="2"  branch="false" />
			<line number="91"  hits="2"  branch="false" />
			<line number="92"  hits="2"  branch="false" />
			<line number="93"  hits="2"  branch="false" />
			<line number="94"  hits="2"  branch="false" />
			<line number="95"  hits="2"  branch="false" />
			<line number="96"  hits="2"  branch="false" />
			<line number="97"  hits="2"  branch="false" />
			<line number="98"  hits="2"  branch="false" />
			<line number="99"  hits="2"  branch="false" />
			<line number="100"  hits="2"  branch="false" />
			<line number="101"  hits="2"  branch="false" />
			<line number="102"  hits="2"  branch="false" />
			<line number="110"  hits="31"  branch="false" />
			<line number="111"  hits="1"  branch="true"  condition-coverage="50% (1/2)" />
			<line number="112"  hits="1"  branch="false" />
			<line number="116"  hits="31"  branch="false" />
			<line number="117"  hits="2"  branch="false" />
			<line number="118"  hits="2"  branch="false" />
			<line number="121"  hits="2"  branch="false" />
			<line number="122"  hits="2"  branch="false" />
			<line number="123"  hits="2"  branch="false" />
			<line number="124"  hits="2"  branch="false" />
			<line number="125"  hits="2"  branch="false" />
			<line number="126"  hits="2"  branch="false" />
			<line number="127"  hits="2"  branch="false" />
			<line number="128"  hits="2"  branch="false" />
			<line number="129"  hits="2"  branch="false" />
			<line number="130"  hits="2"  branch="false" />
			<line number="131"  hits="2"  branch="false" />
			<line number="132"  hits="2"  branch="false" />
			<line number="133"  hits="2"  branch="false" />
			<line number="140"  hits="31"  branch="false" />
			<line number="141"  hits="2"  branch="false" />
			<line number="143"  hits="2"  branch="false" />
			<line number="149"  hits="31"  branch="false" />
			<line number="150"  hits="2"  branch="false" />
			<line number="153"  hits="2"  branch="false" />
			<line number="154"  hits="2"  branch="false" />
			<line number="155"  hits="2"  branch="false" />
			<line number="156"  hits="2"  branch="false" />
			<line number="162"  hits="31"  branch="false" />
			<line number="163"  hits="1"  branch="false" />
			<line number="164"  hits="1"  branch="false" />
			<line number="165"  hits="1"  branch="false" />
			<line number="169"  hits="1"  branch="false" />
			<line number="170"  hits="1"  branch="false" />
			<line number="177"  hits="31"  branch="false" />
			<line number="178"  hits="2"  branch="false" />
			<line number="182"  hits="31"  branch="false" />
			<line number="183"  hits="3"  branch="false" />
			<line number="185"  hits="3"  branch="false" />
			<line number="187"  hits="3"  branch="false" />
			<line number="188"  hits="6"  branch="false" />
			<line number="189"  hits="12"  branch="true"  condition-coverage="100% (2/2)" />
			<line number="190"  hits="3"  branch="false" />
			<line number="199"  hits="31"  branch="false" />
			<line number="201"  hits="3"  branch="false" />
			<line number="202"  hits="6"  branch="false" />
			<line number="214"  hits="6"  branch="false" />
			<line number="217"  hits="6"  branch="false" />
			<line number="218"  hits="6"  branch="false" />
			<line number="219"  hits="6"  branch="false" />
			<line number="220"  hits="6"  branch="false" />
			<line number="221"  hits="6"  branch="false" />
			<line number="227"  hits="3"  branch="false" />
			<line number="228"  hits="3"  branch="false" />
			<line number="229"  hits="3"  branch="false" />
			<line number="230"  hits="3"  branch="false" />
			<line number="231"  hits="3"  branch="false" />
			<line number="236"  hits="31"  branch="false" />
			<line number="238"  hits="0"  branch="false" />
			<line number="239"  hits="0"  branch="true"  condition-coverage="0% (0/2)" />
			<line number="241"  hits="0"  branch="false" />
			<line number="253"  hits="0"  branch="false" />
			<line number="255"  hits="0"  branch="true"  condition-coverage="0% (0/2)" />
			<line number="256"  hits="0"  branch="false" />
			<line number="258"  hits="0"  branch="false" />
			<line number="259"  hits="0"  branch="false" />
			<line number="260"  hits="0"  branch="false" />
			<line number="261"  hits="0"  branch="false" />
			<line number="262"  hits="0"  branch="false" />
			<line number="263"  hits="0"  branch="false" />
			<line number="264"  hits="0"  branch="false" />
			<line number="265"  hits="0"  branch="false" />
			<line number="266"  hits="0"  branch="false" />
			<line number="267"  hits="0"  branch="false" />
			<line number="268"  hits="0"  branch="false" />
			<line number="269"  hits="0"  branch="false" />
			<line number="270"  hits="0"  branch="false" />
			<line number="271"  hits="0"  branch="false" />
			<line number="272"  hits="0"  branch="false" />
			<line number="273"  hits="0"  branch="false" />
			<line number="274"  hits="0"  branch="false" />
			<line number="286"  hits="31"  branch="false" />
			<line number="287"  hits="1"  branch="true"  condition-coverage="50% (1/2)" />
			<line number="288"  hits="1"  branch="false" />
			<line number="290"  hits="0"  branch="false" />
			<line number="295"  hits="31"  branch="false" />
			<line number="296"  hits="0"  branch="false" />
			<line number="297"  hits="0"  branch="false" />
			<line number="298"  hits="0"  branch="true"  condition-coverage="0% (0/2)" />
			<line number="299"  hits="0"  branch="false" />
			<line number="300"  hits="0"  branch="false" />
			<line number="301"  hits="0"  branch="false" />
			<line number="305"  hits="0"  branch="false" />
			<line number="306"  hits="0"  branch="false" />
			<line number="307"  hits="0"  branch="false" />
			<line number="309"  hits="0"  branch="false" />
			<line number="320"  hits="0"  branch="false" />
			<line number="321"  hits="0"  branch="false" />
			<line number="322"  hits="0"  branch="false" />
			<line number="323"  hits="0"  branch="false" />
			<line number="324"  hits="0"  branch="false" />
			<line number="325"  hits="0"  branch="false" />
			<line number="329"  hits="31"  branch="false" />
			<line number="330"  hits="1"  branch="true"  condition-coverage="50% (1/2)" />
			<line number="331"  hits="1"  branch="false" />
			<line number="333"  hits="0"  branch="false" />
			<line number="339"  hits="31"  branch="false" />
			<line number="341"  hits="1"  branch="true"  condition-coverage="50% (1/2)" />
			<line number="342"  hits="1"  branch="false" />
			<line number="344"  hits="0"  branch="false" />
			<line number="345"  hits="0"  branch="true"  condition-coverage="0% (0/2)" />
			<line number="346"  hits="0"  branch="false" />
			<line number="347"  hits="0"  branch="false" />
			<line number="350"  hits="0"  branch="false" />
			<line number="352"  hits="0"  branch="false" />
			<line number="367"  hits="0"  branch="false" />
			<line number="368"  hits="0"  branch="false" />
			<line number="380"  hits="0"  branch="false" />
			<line number="384"  hits="0"  branch="false" />
			<line number="387"  hits="0"  branch="false" />
			<line number="388"  hits="0"  branch="false" />
			<line number="389"  hits="0"  branch="false" />
			<line number="390"  hits="0"  branch="false" />
			<line number="391"  hits="0"  branch="false" />
			<line number="392"  hits="0"  branch="false" />
			<line number="397"  hits="31"  branch="false" />
			<line number="399"  hits="1"  branch="false" />
			<line number="400"  hits="1"  branch="true"  condition-coverage="50% (1/2)" />
			<line number="401"  hits="0"  branch="false" />
			<line number="404"  hits="1"  branch="false" />
			<line number="405"  hits="2"  branch="true"  condition-coverage="50% (1/2)" />
			<line number="406"  hits="0"  branch="false" />
			<line number="413"  hits="31"  branch="false" />
			<line number="415"  hits="1"  branch="false" />
			<line number="416"  hits="2"  branch="true"  condition-coverage="50% (1/2)" />
			<line number="417"  hits="0"  branch="false" />
			<line number="421"  hits="1"  branch="false" />
			<line number="423"  hits="1"  branch="true"  condition-coverage="50% (1/2)" />
			<line number="424"  hits="0"  branch="false" />
			<line number="427"  hits="1"  branch="false" />
			<line number="429"  hits="1"  branch="true"  condition-coverage="50% (1/2)" />
			<line number="430"  hits="0"  branch="false" />
			<line number="432"  hits="1"  branch="false" />
			<line number="438"  hits="31"  branch="false" />
			<line number="439"  hits="1"  branch="false" />
			<line number="440"  hits="1"  branch="false" />
			<line number="441"  hits="2"  branch="true"  condition-coverage="100% (2/2)" />
			<line number="443"  hits="1"  branch="false" />
			<line number="444"  hits="1"  branch="false" />
			<line number="445"  hits="0"  branch="false" />
			<line number="446"  hits="0"  branch="true"  condition-coverage="0% (0/2)" />
			<line number="447"  hits="0"  branch="false" />
			<line number="448"  hits="0"  branch="false" />
			<line number="453"  hits="1"  branch="false" />
			<line number="454"  hits="1"  branch="false" />
			<line number="455"  hits="1"  branch="false" />
			<line number="456"  hits="1"  branch="false" />
			<line number="457"  hits="1"  branch="false" />
			<line number="460"  hits="1"  branch="false" />
			<line number="461"  hits="1"  branch="false" />
			<line number="462"  hits="1"  branch="false" />
			<line number="463"  hits="1"  branch="false" />
			<line number="464"  hits="1"  branch="false" />
			<line number="473"  hits="31"  branch="false" />
			<line number="475"  hits="31"  branch="false" />
			<line number="476"  hits="1"  branch="false" />
			<line number="477"  hits="1"  branch="false" />
			<line number="484"  hits="31"  branch="false" />
			<line number="485"  hits="10"  branch="false" />
			<line number="486"  hits="10"  branch="false" />
			<line number="494"  hits="31"  branch="false" />
			<line number="495"  hits="1"  branch="false" />
		</lines>
		</class>
	</classes>
	</package>
	<package name="scripts.controllers.tag"  line-rate="0.8787999999999999"  branch-rate="0.5" >
	<classes>
		<class name="tag.js"  filename="./app/scripts/controllers/tag/tag.js"  line-rate="0.8787999999999999"  branch-rate="0.5" >
		<methods>
			<method name="(anonymous_1)"  hits="12"  signature="()V" >
				<lines><line number="3"  hits="12" /></lines>
			</method>
			<method name="(anonymous_2)"  hits="20"  signature="()V" >
				<lines><line number="5"  hits="20" /></lines>
			</method>
			<method name="(anonymous_3)"  hits="16"  signature="()V" >
				<lines><line number="7"  hits="16" /></lines>
			</method>
			<method name="(anonymous_4)"  hits="2"  signature="()V" >
				<lines><line number="16"  hits="2" /></lines>
			</method>
			<method name="(anonymous_5)"  hits="2"  signature="()V" >
				<lines><line number="18"  hits="2" /></lines>
			</method>
			<method name="(anonymous_6)"  hits="2"  signature="()V" >
				<lines><line number="29"  hits="2" /></lines>
			</method>
			<method name="(anonymous_7)"  hits="2"  signature="()V" >
				<lines><line number="31"  hits="2" /></lines>
			</method>
			<method name="(anonymous_8)"  hits="2"  signature="()V" >
				<lines><line number="42"  hits="2" /></lines>
			</method>
			<method name="(anonymous_9)"  hits="2"  signature="()V" >
				<lines><line number="44"  hits="2" /></lines>
			</method>
			<method name="(anonymous_10)"  hits="2"  signature="()V" >
				<lines><line number="55"  hits="2" /></lines>
			</method>
			<method name="(anonymous_11)"  hits="2"  signature="()V" >
				<lines><line number="59"  hits="2" /></lines>
			</method>
		</methods>
		<lines>
			<line number="1"  hits="1"  branch="false" />
			<line number="3"  hits="1"  branch="false" />
			<line number="5"  hits="12"  branch="false" />
			<line number="6"  hits="20"  branch="false" />
			<line number="8"  hits="16"  branch="true"  condition-coverage="50% (1/2)" />
			<line number="9"  hits="0"  branch="false" />
			<line number="11"  hits="16"  branch="false" />
			<line number="16"  hits="12"  branch="false" />
			<line number="17"  hits="2"  branch="false" />
			<line number="19"  hits="2"  branch="true"  condition-coverage="50% (1/2)" />
			<line number="20"  hits="0"  branch="false" />
			<line number="22"  hits="2"  branch="false" />
			<line number="23"  hits="2"  branch="false" />
			<line number="24"  hits="2"  branch="false" />
			<line number="29"  hits="12"  branch="false" />
			<line number="30"  hits="2"  branch="false" />
			<line number="32"  hits="2"  branch="true"  condition-coverage="50% (1/2)" />
			<line number="33"  hits="0"  branch="false" />
			<line number="35"  hits="2"  branch="false" />
			<line number="36"  hits="2"  branch="false" />
			<line number="37"  hits="2"  branch="false" />
			<line number="42"  hits="12"  branch="false" />
			<line number="43"  hits="2"  branch="false" />
			<line number="45"  hits="2"  branch="true"  condition-coverage="50% (1/2)" />
			<line number="46"  hits="0"  branch="false" />
			<line number="48"  hits="2"  branch="false" />
			<line number="49"  hits="2"  branch="false" />
			<line number="50"  hits="2"  branch="false" />
			<line number="55"  hits="12"  branch="false" />
			<line number="56"  hits="2"  branch="false" />
			<line number="59"  hits="12"  branch="false" />
			<line number="60"  hits="2"  branch="false" />
			<line number="63"  hits="12"  branch="false" />
		</lines>
		</class>
	</classes>
	</package>
	<package name="scripts.controllers.ttsTest"  line-rate="1"  branch-rate="1" >
	<classes>
		<class name="ttsTest.js"  filename="./app/scripts/controllers/ttsTest/ttsTest.js"  line-rate="1"  branch-rate="1" >
		<methods>
			<method name="(anonymous_1)"  hits="0"  signature="()V" >
				<lines><line number="3"  hits="0" /></lines>
			</method>
		</methods>
		<lines>
			<line number="1"  hits="1"  branch="false" />
			<line number="3"  hits="1"  branch="false" />
		</lines>
		</class>
	</classes>
	</package>
	<package name="scripts.controllers.workspace"  line-rate="0.777"  branch-rate="0.4321" >
	<classes>
		<class name="apercu.js"  filename="./app/scripts/controllers/workspace/apercu.js"  line-rate="0.7813"  branch-rate="0.40909999999999996" >
		<methods>
			<method name="(anonymous_1)"  hits="5"  signature="()V" >
				<lines><line number="5"  hits="5" /></lines>
			</method>
			<method name="(anonymous_2)"  hits="5"  signature="()V" >
				<lines><line number="14"  hits="5" /></lines>
			</method>
			<method name="(anonymous_3)"  hits="3"  signature="()V" >
				<lines><line number="25"  hits="3" /></lines>
			</method>
			<method name="(anonymous_4)"  hits="3"  signature="()V" >
				<lines><line number="42"  hits="3" /></lines>
			</method>
			<method name="(anonymous_5)"  hits="0"  signature="()V" >
				<lines><line number="52"  hits="0" /></lines>
			</method>
			<method name="traverse"  hits="3"  signature="()V" >
				<lines><line number="66"  hits="3" /></lines>
			</method>
			<method name="(anonymous_7)"  hits="3"  signature="()V" >
				<lines><line number="87"  hits="3" /></lines>
			</method>
			<method name="(anonymous_8)"  hits="0"  signature="()V" >
				<lines><line number="115"  hits="0" /></lines>
			</method>
			<method name="(anonymous_9)"  hits="0"  signature="()V" >
				<lines><line number="122"  hits="0" /></lines>
			</method>
			<method name="(anonymous_10)"  hits="0"  signature="()V" >
				<lines><line number="130"  hits="0" /></lines>
			</method>
			<method name="(anonymous_11)"  hits="0"  signature="()V" >
				<lines><line number="142"  hits="0" /></lines>
			</method>
			<method name="(anonymous_12)"  hits="0"  signature="()V" >
				<lines><line number="155"  hits="0" /></lines>
			</method>
		</methods>
		<lines>
			<line number="3"  hits="1"  branch="false" />
			<line number="5"  hits="1"  branch="false" />
			<line number="7"  hits="5"  branch="false" />
			<line number="8"  hits="5"  branch="false" />
			<line number="9"  hits="5"  branch="false" />
			<line number="10"  hits="5"  branch="false" />
			<line number="11"  hits="5"  branch="false" />
			<line number="12"  hits="5"  branch="false" />
			<line number="14"  hits="5"  branch="false" />
			<line number="16"  hits="5"  branch="false" />
			<line number="22"  hits="5"  branch="false" />
			<line number="26"  hits="3"  branch="true"  condition-coverage="50% (1/2)" />
			<line number="27"  hits="0"  branch="false" />
			<line number="29"  hits="3"  branch="false" />
			<line number="35"  hits="5"  branch="true"  condition-coverage="50% (1/2)" />
			<line number="36"  hits="5"  branch="false" />
			<line number="40"  hits="5"  branch="false" />
			<line number="44"  hits="3"  branch="false" />
			<line number="45"  hits="3"  branch="false" />
			<line number="47"  hits="3"  branch="true"  condition-coverage="50% (1/2)" />
			<line number="48"  hits="3"  branch="false" />
			<line number="50"  hits="3"  branch="false" />
			<line number="53"  hits="0"  branch="false" />
			<line number="63"  hits="5"  branch="false" />
			<line number="66"  hits="1"  branch="false" />
			<line number="68"  hits="3"  branch="false" />
			<line number="69"  hits="3"  branch="true"  condition-coverage="50% (1/2)" />
			<line number="70"  hits="3"  branch="false" />
			<line number="74"  hits="3"  branch="true"  condition-coverage="50% (1/2)" />
			<line number="75"  hits="3"  branch="false" />
			<line number="76"  hits="3"  branch="true"  condition-coverage="50% (1/2)" />
			<line number="77"  hits="3"  branch="false" />
			<line number="78"  hits="3"  branch="false" />
			<line number="79"  hits="3"  branch="false" />
			<line number="81"  hits="3"  branch="false" />
			<line number="82"  hits="3"  branch="true"  condition-coverage="50% (1/2)" />
			<line number="83"  hits="3"  branch="false" />
			<line number="84"  hits="3"  branch="false" />
			<line number="88"  hits="3"  branch="true"  condition-coverage="50% (1/2)" />
			<line number="89"  hits="3"  branch="false" />
			<line number="96"  hits="3"  branch="false" />
			<line number="97"  hits="3"  branch="false" />
			<line number="98"  hits="3"  branch="false" />
			<line number="101"  hits="3"  branch="false" />
			<line number="103"  hits="3"  branch="false" />
			<line number="104"  hits="3"  branch="false" />
			<line number="107"  hits="3"  branch="true"  condition-coverage="50% (1/2)" />
			<line number="108"  hits="0"  branch="false" />
			<line number="115"  hits="5"  branch="false" />
			<line number="116"  hits="0"  branch="false" />
			<line number="117"  hits="0"  branch="false" />
			<line number="122"  hits="5"  branch="false" />
			<line number="123"  hits="0"  branch="true"  condition-coverage="0% (0/2)" />
			<line number="124"  hits="0"  branch="false" />
			<line number="125"  hits="0"  branch="true"  condition-coverage="0% (0/2)" />
			<line number="126"  hits="0"  branch="false" />
			<line number="130"  hits="5"  branch="false" />
			<line number="142"  hits="5"  branch="false" />
			<line number="143"  hits="0"  branch="false" />
			<line number="144"  hits="0"  branch="false" />
			<line number="145"  hits="0"  branch="false" />
			<line number="146"  hits="0"  branch="false" />
			<line number="155"  hits="5"  branch="false" />
			<line number="156"  hits="0"  branch="false" />
		</lines>
		</class>
		<class name="images.js"  filename="./app/scripts/controllers/workspace/images.js"  line-rate="0.7757999999999999"  branch-rate="0.4407" >
		<methods>
			<method name="(anonymous_1)"  hits="17"  signature="()V" >
				<lines><line number="3"  hits="17" /></lines>
			</method>
			<method name="(anonymous_2)"  hits="0"  signature="()V" >
				<lines><line number="32"  hits="0" /></lines>
			</method>
			<method name="(anonymous_3)"  hits="0"  signature="()V" >
				<lines><line number="37"  hits="0" /></lines>
			</method>
			<method name="walk"  hits="0"  signature="()V" >
				<lines><line number="51"  hits="0" /></lines>
			</method>
			<method name="(anonymous_5)"  hits="1"  signature="()V" >
				<lines><line number="70"  hits="1" /></lines>
			</method>
			<method name="walk"  hits="1"  signature="()V" >
				<lines><line number="71"  hits="1" /></lines>
			</method>
			<method name="traverse"  hits="10"  signature="()V" >
				<lines><line number="88"  hits="10" /></lines>
			</method>
			<method name="traverseOcrSpeech"  hits="6"  signature="()V" >
				<lines><line number="106"  hits="6" /></lines>
			</method>
			<method name="(anonymous_9)"  hits="1"  signature="()V" >
				<lines><line number="120"  hits="1" /></lines>
			</method>
			<method name="(anonymous_10)"  hits="1"  signature="()V" >
				<lines><line number="130"  hits="1" /></lines>
			</method>
			<method name="(anonymous_11)"  hits="1"  signature="()V" >
				<lines><line number="139"  hits="1" /></lines>
			</method>
			<method name="(anonymous_12)"  hits="1"  signature="()V" >
				<lines><line number="151"  hits="1" /></lines>
			</method>
			<method name="(anonymous_13)"  hits="1"  signature="()V" >
				<lines><line number="160"  hits="1" /></lines>
			</method>
			<method name="(anonymous_14)"  hits="0"  signature="()V" >
				<lines><line number="186"  hits="0" /></lines>
			</method>
			<method name="initialiseZones"  hits="5"  signature="()V" >
				<lines><line number="195"  hits="5" /></lines>
			</method>
			<method name="(anonymous_16)"  hits="1"  signature="()V" >
				<lines><line number="201"  hits="1" /></lines>
			</method>
			<method name="(anonymous_17)"  hits="1"  signature="()V" >
				<lines><line number="212"  hits="1" /></lines>
			</method>
			<method name="(anonymous_18)"  hits="0"  signature="()V" >
				<lines><line number="224"  hits="0" /></lines>
			</method>
			<method name="(anonymous_19)"  hits="1"  signature="()V" >
				<lines><line number="233"  hits="1" /></lines>
			</method>
			<method name="(anonymous_20)"  hits="1"  signature="()V" >
				<lines><line number="244"  hits="1" /></lines>
			</method>
			<method name="(anonymous_21)"  hits="1"  signature="()V" >
				<lines><line number="252"  hits="1" /></lines>
			</method>
			<method name="(anonymous_22)"  hits="0"  signature="()V" >
				<lines><line number="257"  hits="0" /></lines>
			</method>
			<method name="(anonymous_23)"  hits="1"  signature="()V" >
				<lines><line number="273"  hits="1" /></lines>
			</method>
			<method name="(anonymous_24)"  hits="0"  signature="()V" >
				<lines><line number="284"  hits="0" /></lines>
			</method>
			<method name="(anonymous_25)"  hits="0"  signature="()V" >
				<lines><line number="285"  hits="0" /></lines>
			</method>
			<method name="(anonymous_26)"  hits="1"  signature="()V" >
				<lines><line number="299"  hits="1" /></lines>
			</method>
			<method name="(anonymous_27)"  hits="0"  signature="()V" >
				<lines><line number="330"  hits="0" /></lines>
			</method>
			<method name="uploadFailed"  hits="0"  signature="()V" >
				<lines><line number="338"  hits="0" /></lines>
			</method>
			<method name="(anonymous_29)"  hits="2"  signature="()V" >
				<lines><line number="350"  hits="2" /></lines>
			</method>
			<method name="convertImage"  hits="2"  signature="()V" >
				<lines><line number="380"  hits="2" /></lines>
			</method>
			<method name="(anonymous_31)"  hits="1"  signature="()V" >
				<lines><line number="386"  hits="1" /></lines>
			</method>
			<method name="(anonymous_32)"  hits="0"  signature="()V" >
				<lines><line number="402"  hits="0" /></lines>
			</method>
			<method name="(anonymous_33)"  hits="1"  signature="()V" >
				<lines><line number="408"  hits="1" /></lines>
			</method>
			<method name="(anonymous_34)"  hits="1"  signature="()V" >
				<lines><line number="415"  hits="1" /></lines>
			</method>
			<method name="(anonymous_35)"  hits="1"  signature="()V" >
				<lines><line number="424"  hits="1" /></lines>
			</method>
			<method name="(anonymous_36)"  hits="1"  signature="()V" >
				<lines><line number="428"  hits="1" /></lines>
			</method>
			<method name="(anonymous_37)"  hits="1"  signature="()V" >
				<lines><line number="435"  hits="1" /></lines>
			</method>
			<method name="(anonymous_38)"  hits="0"  signature="()V" >
				<lines><line number="439"  hits="0" /></lines>
			</method>
			<method name="(anonymous_39)"  hits="1"  signature="()V" >
				<lines><line number="445"  hits="1" /></lines>
			</method>
			<method name="(anonymous_40)"  hits="18"  signature="()V" >
				<lines><line number="454"  hits="18" /></lines>
			</method>
			<method name="(anonymous_41)"  hits="6"  signature="()V" >
				<lines><line number="456"  hits="6" /></lines>
			</method>
			<method name="(anonymous_42)"  hits="1"  signature="()V" >
				<lines><line number="465"  hits="1" /></lines>
			</method>
			<method name="(anonymous_43)"  hits="0"  signature="()V" >
				<lines><line number="471"  hits="0" /></lines>
			</method>
			<method name="(anonymous_44)"  hits="1"  signature="()V" >
				<lines><line number="478"  hits="1" /></lines>
			</method>
		</methods>
		<lines>
			<line number="1"  hits="1"  branch="false" />
			<line number="3"  hits="1"  branch="false" />
			<line number="6"  hits="17"  branch="false" />
			<line number="8"  hits="17"  branch="false" />
			<line number="10"  hits="17"  branch="false" />
			<line number="12"  hits="17"  branch="false" />
			<line number="16"  hits="17"  branch="false" />
			<line number="18"  hits="17"  branch="false" />
			<line number="20"  hits="17"  branch="false" />
			<line number="22"  hits="17"  branch="false" />
			<line number="24"  hits="17"  branch="false" />
			<line number="26"  hits="17"  branch="false" />
			<line number="28"  hits="17"  branch="false" />
			<line number="32"  hits="17"  branch="false" />
			<line number="33"  hits="0"  branch="false" />
			<line number="37"  hits="17"  branch="false" />
			<line number="38"  hits="0"  branch="false" />
			<line number="45"  hits="0"  branch="true"  condition-coverage="0% (0/2)" />
			<line number="46"  hits="0"  branch="false" />
			<line number="51"  hits="1"  branch="false" />
			<line number="52"  hits="0"  branch="false" />
			<line number="54"  hits="0"  branch="true"  condition-coverage="0% (0/2)" />
			<line number="55"  hits="0"  branch="false" />
			<line number="56"  hits="0"  branch="false" />
			<line number="58"  hits="0"  branch="true"  condition-coverage="0% (0/2)" />
			<line number="59"  hits="0"  branch="false" />
			<line number="61"  hits="0"  branch="false" />
			<line number="66"  hits="0"  branch="false" />
			<line number="67"  hits="0"  branch="false" />
			<line number="70"  hits="17"  branch="false" />
			<line number="71"  hits="1"  branch="false" />
			<line number="72"  hits="1"  branch="false" />
			<line number="74"  hits="1"  branch="true"  condition-coverage="50% (1/2)" />
			<line number="75"  hits="1"  branch="false" />
			<line number="76"  hits="1"  branch="false" />
			<line number="77"  hits="0"  branch="true"  condition-coverage="0% (0/2)" />
			<line number="78"  hits="0"  branch="false" />
			<line number="80"  hits="0"  branch="false" />
			<line number="85"  hits="1"  branch="false" />
			<line number="88"  hits="1"  branch="false" />
			<line number="89"  hits="10"  branch="false" />
			<line number="90"  hits="23"  branch="true"  condition-coverage="100% (2/2)" />
			<line number="91"  hits="9"  branch="true"  condition-coverage="100% (2/2)" />
			<line number="92"  hits="2"  branch="false" />
			<line number="93"  hits="2"  branch="false" />
			<line number="101"  hits="9"  branch="false" />
			<line number="106"  hits="1"  branch="false" />
			<line number="107"  hits="6"  branch="false" />
			<line number="108"  hits="4"  branch="true"  condition-coverage="50% (1/2)" />
			<line number="109"  hits="4"  branch="true"  condition-coverage="100% (2/2)" />
			<line number="110"  hits="1"  branch="false" />
			<line number="111"  hits="1"  branch="false" />
			<line number="112"  hits="1"  branch="false" />
			<line number="113"  hits="1"  branch="false" />
			<line number="115"  hits="3"  branch="false" />
			<line number="120"  hits="17"  branch="false" />
			<line number="122"  hits="1"  branch="false" />
			<line number="123"  hits="1"  branch="false" />
			<line number="124"  hits="1"  branch="false" />
			<line number="125"  hits="1"  branch="false" />
			<line number="127"  hits="1"  branch="false" />
			<line number="130"  hits="17"  branch="false" />
			<line number="131"  hits="1"  branch="false" />
			<line number="132"  hits="0"  branch="true"  condition-coverage="0% (0/2)" />
			<line number="133"  hits="0"  branch="false" />
			<line number="139"  hits="17"  branch="false" />
			<line number="141"  hits="1"  branch="true"  condition-coverage="50% (1/2)" />
			<line number="142"  hits="0"  branch="false" />
			<line number="146"  hits="1"  branch="false" />
			<line number="148"  hits="1"  branch="false" />
			<line number="151"  hits="1"  branch="false" />
			<line number="153"  hits="1"  branch="false" />
			<line number="155"  hits="1"  branch="false" />
			<line number="158"  hits="1"  branch="false" />
			<line number="163"  hits="1"  branch="false" />
			<line number="164"  hits="1"  branch="false" />
			<line number="165"  hits="1"  branch="false" />
			<line number="166"  hits="1"  branch="false" />
			<line number="167"  hits="1"  branch="false" />
			<line number="168"  hits="1"  branch="false" />
			<line number="169"  hits="1"  branch="false" />
			<line number="170"  hits="1"  branch="false" />
			<line number="173"  hits="1"  branch="false" />
			<line number="176"  hits="1"  branch="true"  condition-coverage="50% (1/2)" />
			<line number="179"  hits="1"  branch="false" />
			<line number="181"  hits="1"  branch="false" />
			<line number="182"  hits="1"  branch="false" />
			<line number="184"  hits="1"  branch="false" />
			<line number="187"  hits="0"  branch="false" />
			<line number="195"  hits="1"  branch="false" />
			<line number="196"  hits="5"  branch="false" />
			<line number="201"  hits="17"  branch="false" />
			<line number="207"  hits="1"  branch="true"  condition-coverage="50% (1/2)" />
			<line number="208"  hits="1"  branch="false" />
			<line number="209"  hits="1"  branch="false" />
			<line number="210"  hits="1"  branch="false" />
			<line number="214"  hits="1"  branch="false" />
			<line number="218"  hits="1"  branch="false" />
			<line number="221"  hits="1"  branch="false" />
			<line number="222"  hits="1"  branch="false" />
			<line number="223"  hits="1"  branch="false" />
			<line number="225"  hits="0"  branch="false" />
			<line number="228"  hits="0"  branch="false" />
			<line number="233"  hits="17"  branch="false" />
			<line number="234"  hits="1"  branch="true"  condition-coverage="50% (1/2)" />
			<line number="235"  hits="1"  branch="false" />
			<line number="238"  hits="1"  branch="false" />
			<line number="240"  hits="0"  branch="false" />
			<line number="244"  hits="17"  branch="false" />
			<line number="245"  hits="1"  branch="false" />
			<line number="246"  hits="1"  branch="false" />
			<line number="247"  hits="1"  branch="true"  condition-coverage="50% (1/2)" />
			<line number="248"  hits="1"  branch="false" />
			<line number="249"  hits="1"  branch="true"  condition-coverage="50% (1/2)" />
			<line number="250"  hits="1"  branch="false" />
			<line number="253"  hits="1"  branch="false" />
			<line number="254"  hits="1"  branch="false" />
			<line number="255"  hits="1"  branch="false" />
			<line number="256"  hits="1"  branch="false" />
			<line number="258"  hits="0"  branch="false" />
			<line number="261"  hits="0"  branch="false" />
			<line number="264"  hits="0"  branch="false" />
			<line number="273"  hits="17"  branch="false" />
			<line number="274"  hits="1"  branch="false" />
			<line number="275"  hits="1"  branch="false" />
			<line number="276"  hits="1"  branch="false" />
			<line number="277"  hits="1"  branch="false" />
			<line number="279"  hits="1"  branch="false" />
			<line number="284"  hits="17"  branch="false" />
			<line number="285"  hits="0"  branch="false" />
			<line number="287"  hits="0"  branch="false" />
			<line number="288"  hits="0"  branch="true"  condition-coverage="0% (0/5)" />
			<line number="289"  hits="0"  branch="false" />
			<line number="290"  hits="0"  branch="false" />
			<line number="292"  hits="0"  branch="false" />
			<line number="299"  hits="17"  branch="false" />
			<line number="300"  hits="1"  branch="true"  condition-coverage="50% (1/2)" />
			<line number="301"  hits="1"  branch="false" />
			<line number="302"  hits="1"  branch="false" />
			<line number="303"  hits="0"  branch="false" />
			<line number="305"  hits="1"  branch="false" />
			<line number="307"  hits="1"  branch="false" />
			<line number="308"  hits="1"  branch="false" />
			<line number="310"  hits="1"  branch="false" />
			<line number="311"  hits="1"  branch="false" />
			<line number="312"  hits="1"  branch="false" />
			<line number="313"  hits="1"  branch="false" />
			<line number="315"  hits="0"  branch="false" />
			<line number="330"  hits="17"  branch="false" />
			<line number="332"  hits="0"  branch="false" />
			<line number="333"  hits="0"  branch="false" />
			<line number="334"  hits="0"  branch="false" />
			<line number="335"  hits="0"  branch="false" />
			<line number="338"  hits="1"  branch="false" />
			<line number="339"  hits="0"  branch="false" />
			<line number="340"  hits="0"  branch="false" />
			<line number="350"  hits="17"  branch="false" />
			<line number="351"  hits="2"  branch="false" />
			<line number="352"  hits="2"  branch="false" />
			<line number="353"  hits="2"  branch="false" />
			<line number="354"  hits="2"  branch="false" />
			<line number="355"  hits="4"  branch="false" />
			<line number="356"  hits="4"  branch="false" />
			<line number="357"  hits="4"  branch="true"  condition-coverage="100% (2/2)" />
			<line number="358"  hits="2"  branch="false" />
			<line number="360"  hits="2"  branch="false" />
			<line number="362"  hits="2"  branch="false" />
			<line number="372"  hits="2"  branch="false" />
			<line number="373"  hits="2"  branch="false" />
			<line number="374"  hits="2"  branch="false" />
			<line number="377"  hits="2"  branch="false" />
			<line number="380"  hits="1"  branch="false" />
			<line number="381"  hits="2"  branch="false" />
			<line number="387"  hits="1"  branch="false" />
			<line number="388"  hits="1"  branch="false" />
			<line number="395"  hits="1"  branch="false" />
			<line number="396"  hits="1"  branch="false" />
			<line number="397"  hits="1"  branch="false" />
			<line number="398"  hits="1"  branch="true"  condition-coverage="50% (1/2)" />
			<line number="399"  hits="0"  branch="false" />
			<line number="400"  hits="0"  branch="false" />
			<line number="403"  hits="0"  branch="false" />
			<line number="408"  hits="17"  branch="false" />
			<line number="409"  hits="1"  branch="false" />
			<line number="410"  hits="1"  branch="false" />
			<line number="411"  hits="1"  branch="false" />
			<line number="412"  hits="1"  branch="false" />
			<line number="415"  hits="17"  branch="false" />
			<line number="416"  hits="1"  branch="true"  condition-coverage="50% (1/2)" />
			<line number="418"  hits="1"  branch="false" />
			<line number="420"  hits="0"  branch="false" />
			<line number="424"  hits="17"  branch="false" />
			<line number="427"  hits="1"  branch="false" />
			<line number="429"  hits="1"  branch="true"  condition-coverage="50% (1/2)" />
			<line number="430"  hits="1"  branch="false" />
			<line number="434"  hits="1"  branch="false" />
			<line number="436"  hits="1"  branch="false" />
			<line number="437"  hits="1"  branch="false" />
			<line number="438"  hits="1"  branch="false" />
			<line number="440"  hits="0"  branch="false" />
			<line number="445"  hits="17"  branch="false" />
			<line number="446"  hits="1"  branch="false" />
			<line number="447"  hits="1"  branch="true"  condition-coverage="75% (3/4)" />
			<line number="448"  hits="1"  branch="false" />
			<line number="449"  hits="1"  branch="false" />
			<line number="454"  hits="17"  branch="false" />
			<line number="455"  hits="18"  branch="false" />
			<line number="457"  hits="6"  branch="true"  condition-coverage="50% (1/2)" />
			<line number="458"  hits="6"  branch="false" />
			<line number="463"  hits="17"  branch="false" />
			<line number="465"  hits="17"  branch="false" />
			<line number="466"  hits="1"  branch="false" />
			<line number="467"  hits="1"  branch="false" />
			<line number="471"  hits="17"  branch="false" />
			<line number="472"  hits="0"  branch="false" />
			<line number="473"  hits="0"  branch="false" />
			<line number="474"  hits="0"  branch="false" />
			<line number="475"  hits="0"  branch="false" />
			<line number="478"  hits="17"  branch="false" />
			<line number="479"  hits="1"  branch="true"  condition-coverage="50% (1/2)" />
			<line number="480"  hits="1"  branch="true"  condition-coverage="50% (1/2)" />
			<line number="481"  hits="1"  branch="false" />
			<line number="484"  hits="0"  branch="false" />
		</lines>
		</class>
	</classes>
	</package>
	<package name="scripts.services"  line-rate="0.8462000000000001"  branch-rate="1" >
	<classes>
		<class name="helpers.js"  filename="./app/scripts/services/helpers.js"  line-rate="0.8462000000000001"  branch-rate="1" >
		<methods>
			<method name="(anonymous_1)"  hits="22"  signature="()V" >
				<lines><line number="6"  hits="22" /></lines>
			</method>
			<method name="(anonymous_2)"  hits="17"  signature="()V" >
				<lines><line number="11"  hits="17" /></lines>
			</method>
			<method name="(anonymous_3)"  hits="1"  signature="()V" >
				<lines><line number="12"  hits="1" /></lines>
			</method>
			<method name="(anonymous_4)"  hits="17"  signature="()V" >
				<lines><line number="47"  hits="17" /></lines>
			</method>
			<method name="(anonymous_5)"  hits="2"  signature="()V" >
				<lines><line number="49"  hits="2" /></lines>
			</method>
			<method name="(anonymous_6)"  hits="0"  signature="()V" >
				<lines><line number="55"  hits="0" /></lines>
			</method>
			<method name="(anonymous_7)"  hits="0"  signature="()V" >
				<lines><line number="56"  hits="0" /></lines>
			</method>
		</methods>
		<lines>
			<line number="1"  hits="1"  branch="false" />
			<line number="3"  hits="1"  branch="false" />
			<line number="6"  hits="1"  branch="false" />
			<line number="7"  hits="22"  branch="false" />
			<line number="11"  hits="1"  branch="false" />
			<line number="12"  hits="17"  branch="false" />
			<line number="13"  hits="1"  branch="false" />
			<line number="47"  hits="1"  branch="false" />
			<line number="49"  hits="17"  branch="false" />
			<line number="50"  hits="2"  branch="false" />
			<line number="55"  hits="1"  branch="false" />
			<line number="56"  hits="0"  branch="false" />
			<line number="57"  hits="0"  branch="false" />
		</lines>
		</class>
	</classes>
	</package>
</packages>
</coverage>
